
****** Vivado(TM) HLS - High-Level Synthesis from C, C++ and SystemC v2019.1 (64-bit)
  **** SW Build 2552052 on Fri May 24 14:49:42 MDT 2019
  **** IP Build 2548770 on Fri May 24 18:01:18 MDT 2019
    ** Copyright 1986-2019 Xilinx, Inc. All Rights Reserved.

source D:/software/Xilinx/Vivado/2019.1/scripts/vivado_hls/hls.tcl -notrace
INFO: Applying HLS Y2K22 patch v1.2 for IP revision
INFO: [HLS 200-10] Running 'D:/software/Xilinx/Vivado/2019.1/bin/unwrapped/win64.o/vivado_hls.exe'
INFO: [HLS 200-10] For user 'binbin' on host 'laptop-4trn48s7' (Windows NT_amd64 version 6.2) on Fri Jul 22 13:41:15 +0800 2022
INFO: [HLS 200-10] In directory 'D:/lab/ZYNQ_YOLO/runall/enddraw'
Sourcing Tcl script 'scripts.tcl'
INFO: [HLS 200-10] Opening project 'D:/lab/ZYNQ_YOLO/runall/enddraw/draw_box'.
INFO: [HLS 200-10] Adding design file 'stb_image_write.h' to the project
INFO: [HLS 200-10] Adding design file 'stb_image.h' to the project
INFO: [HLS 200-10] Adding design file 'main.cpp' to the project
INFO: [HLS 200-10] Adding design file 'input_image_short.h' to the project
INFO: [HLS 200-10] Adding design file 'image.h' to the project
INFO: [HLS 200-10] Adding design file 'image.cpp' to the project
INFO: [HLS 200-10] Adding design file 'darknet.h' to the project
INFO: [HLS 200-10] Adding test bench file 'main.cpp' to the project
INFO: [HLS 200-10] Opening solution 'D:/lab/ZYNQ_YOLO/runall/enddraw/draw_box/solution1'.
INFO: [SYN 201-201] Setting up clock 'default' with a period of 10ns.
INFO: [HLS 200-10] Setting target device to 'xc7k70t-fbv676-1'
INFO: [SIM 211-2] *************** CSIM start ***************
INFO: [SIM 211-4] CSIM will launch GCC as the compiler.
make: 'csim.exe' is up to date.
Input Loaded
count=0count=4i=0,n=0,objectness=0.003906
i=0,n=1,objectness=0.003906
i=0,n=2,objectness=0.003906
i=1,n=0,objectness=0.003906
i=1,n=1,objectness=0.003906
i=1,n=2,objectness=0.003906
i=2,n=0,objectness=0.003906
i=2,n=1,objectness=0.003906
i=2,n=2,objectness=0.003906
i=3,n=0,objectness=0.003906
i=3,n=1,objectness=0.003906
i=3,n=2,objectness=0.003906
i=4,n=0,objectness=0.003906
i=4,n=1,objectness=0.003906
i=4,n=2,objectness=0.003906
i=5,n=0,objectness=0.003906
i=5,n=1,objectness=0.003906
i=5,n=2,objectness=0.003906
i=6,n=0,objectness=0.003906
i=6,n=1,objectness=0.003906
i=6,n=2,objectness=0.003906
i=7,n=0,objectness=0.003906
i=7,n=1,objectness=0.003906
i=7,n=2,objectness=0.003906
i=8,n=0,objectness=0.003906
i=8,n=1,objectness=0.003906
i=8,n=2,objectness=0.003906
i=9,n=0,objectness=0.003906
i=9,n=1,objectness=0.003906
i=9,n=2,objectness=0.003906
i=10,n=0,objectness=0.003906
i=10,n=1,objectness=0.003906
i=10,n=2,objectness=0.003906
i=11,n=0,objectness=0.003906
i=11,n=1,objectness=0.003906
i=11,n=2,objectness=0.003906
i=12,n=0,objectness=0.003906
i=12,n=1,objectness=0.003906
i=12,n=2,objectness=0.003906
i=13,n=0,objectness=0.003906
i=13,n=1,objectness=0.003906
i=13,n=2,objectness=0.003906
i=14,n=0,objectness=0.003906
i=14,n=1,objectness=0.003906
i=14,n=2,objectness=0.003906
i=15,n=0,objectness=0.003906
i=15,n=1,objectness=0.003906
i=15,n=2,objectness=0.003906
i=16,n=0,objectness=0.003906
i=16,n=1,objectness=0.003906
i=16,n=2,objectness=0.003906
i=17,n=0,objectness=0.003906
i=17,n=1,objectness=0.003906
i=17,n=2,objectness=0.003906
i=18,n=0,objectness=0.003906
i=18,n=1,objectness=0.003906
i=18,n=2,objectness=0.003906
i=19,n=0,objectness=0.003906
i=19,n=1,objectness=0.003906
i=19,n=2,objectness=0.003906
i=20,n=0,objectness=0.003906
i=20,n=1,objectness=0.003906
i=20,n=2,objectness=0.003906
i=21,n=0,objectness=0.003906
i=21,n=1,objectness=0.003906
i=21,n=2,objectness=0.003906
i=22,n=0,objectness=0.003906
i=22,n=1,objectness=0.003906
i=22,n=2,objectness=0.003906
i=23,n=0,objectness=0.003906
i=23,n=1,objectness=0.003906
i=23,n=2,objectness=0.003906
i=24,n=0,objectness=0.003906
i=24,n=1,objectness=0.003906
i=24,n=2,objectness=0.003906
i=25,n=0,objectness=0.003906
i=25,n=1,objectness=0.003906
i=25,n=2,objectness=0.003906
i=26,n=0,objectness=0.003906
i=26,n=1,objectness=0.003906
i=26,n=2,objectness=0.003906
i=27,n=0,objectness=0.003906
i=27,n=1,objectness=0.003906
i=27,n=2,objectness=0.003906
i=28,n=0,objectness=0.003906
i=28,n=1,objectness=0.003906
i=28,n=2,objectness=0.003906
i=29,n=0,objectness=0.003906
i=29,n=1,objectness=0.003906
i=29,n=2,objectness=0.003906
i=30,n=0,objectness=0.003906
i=30,n=1,objectness=0.003906
i=30,n=2,objectness=0.003906
i=31,n=0,objectness=0.003906
i=31,n=1,objectness=0.003906
i=31,n=2,objectness=0.003906
i=32,n=0,objectness=0.003906
i=32,n=1,objectness=0.003906
i=32,n=2,objectness=0.003906
i=33,n=0,objectness=0.003906
i=33,n=1,objectness=0.003906
i=33,n=2,objectness=0.003906
i=34,n=0,objectness=0.003906
i=34,n=1,objectness=0.003906
i=34,n=2,objectness=0.003906
i=35,n=0,objectness=0.003906
i=35,n=1,objectness=0.003906
i=35,n=2,objectness=0.003906
i=36,n=0,objectness=0.003906
i=36,n=1,objectness=0.003906
i=36,n=2,objectness=0.003906
i=37,n=0,objectness=0.003906
i=37,n=1,objectness=0.003906
i=37,n=2,objectness=0.003906
i=38,n=0,objectness=0.003906
i=38,n=1,objectness=0.003906
i=38,n=2,objectness=0.003906
i=39,n=0,objectness=0.003906
i=39,n=1,objectness=0.003906
i=39,n=2,objectness=0.003906
i=40,n=0,objectness=0.003906
i=40,n=1,objectness=0.003906
i=40,n=2,objectness=0.003906
i=41,n=0,objectness=0.003906
i=41,n=1,objectness=0.003906
i=41,n=2,objectness=0.003906
i=42,n=0,objectness=0.003906
i=42,n=1,objectness=0.003906
i=42,n=2,objectness=0.003906
i=43,n=0,objectness=0.003906
i=43,n=1,objectness=0.003906
i=43,n=2,objectness=0.003906
i=44,n=0,objectness=0.003906
i=44,n=1,objectness=0.003906
i=44,n=2,objectness=0.003906
i=45,n=0,objectness=0.003906
i=45,n=1,objectness=0.003906
i=45,n=2,objectness=0.003906
i=46,n=0,objectness=0.003906
i=46,n=1,objectness=0.003906
i=46,n=2,objectness=0.003906
i=47,n=0,objectness=0.003906
i=47,n=1,objectness=0.003906
i=47,n=2,objectness=0.003906
i=48,n=0,objectness=0.003906
i=48,n=1,objectness=0.003906
i=48,n=2,objectness=0.003906
i=49,n=0,objectness=0.003906
i=49,n=1,objectness=0.003906
i=49,n=2,objectness=0.003906
i=50,n=0,objectness=0.003906
i=50,n=1,objectness=0.003906
i=50,n=2,objectness=0.003906
i=51,n=0,objectness=0.003906
i=51,n=1,objectness=0.003906
i=51,n=2,objectness=0.003906
i=52,n=0,objectness=0.003906
i=52,n=1,objectness=0.003906
i=52,n=2,objectness=0.003906
i=53,n=0,objectness=0.003906
i=53,n=1,objectness=0.003906
i=53,n=2,objectness=0.003906
i=54,n=0,objectness=0.003906
i=54,n=1,objectness=0.003906
i=54,n=2,objectness=0.003906
i=55,n=0,objectness=0.003906
i=55,n=1,objectness=0.003906
i=55,n=2,objectness=0.003906
i=56,n=0,objectness=0.003906
i=56,n=1,objectness=0.003906
i=56,n=2,objectness=0.003906
i=57,n=0,objectness=0.003906
i=57,n=1,objectness=0.003906
i=57,n=2,objectness=0.003906
i=58,n=0,objectness=0.003906
i=58,n=1,objectness=0.003906
i=58,n=2,objectness=0.003906
i=59,n=0,objectness=0.003906
i=59,n=1,objectness=0.003906
i=59,n=2,objectness=0.003906
i=60,n=0,objectness=0.003906
i=60,n=1,objectness=0.003906
i=60,n=2,objectness=0.003906
i=61,n=0,objectness=0.003906
i=61,n=1,objectness=0.003906
i=61,n=2,objectness=0.003906
i=62,n=0,objectness=0.003906
i=62,n=1,objectness=0.003906
i=62,n=2,objectness=0.003906
i=63,n=0,objectness=0.003906
i=63,n=1,objectness=0.003906
i=63,n=2,objectness=0.003906
i=64,n=0,objectness=0.003906
i=64,n=1,objectness=0.003906
i=64,n=2,objectness=0.003906
i=65,n=0,objectness=0.003906
i=65,n=1,objectness=0.003906
i=65,n=2,objectness=0.003906
i=66,n=0,objectness=0.003906
i=66,n=1,objectness=0.003906
i=66,n=2,objectness=0.003906
i=67,n=0,objectness=0.003906
i=67,n=1,objectness=0.003906
i=67,n=2,objectness=0.003906
i=68,n=0,objectness=0.003906
i=68,n=1,objectness=0.003906
i=68,n=2,objectness=0.003906
i=69,n=0,objectness=0.003906
i=69,n=1,objectness=0.003906
i=69,n=2,objectness=0.003906
i=70,n=0,objectness=0.003906
i=70,n=1,objectness=0.003906
i=70,n=2,objectness=0.003906
i=71,n=0,objectness=0.003906
i=71,n=1,objectness=0.003906
i=71,n=2,objectness=0.003906
i=72,n=0,objectness=0.003906
i=72,n=1,objectness=0.003906
i=72,n=2,objectness=0.003906
i=73,n=0,objectness=0.003906
i=73,n=1,objectness=0.003906
i=73,n=2,objectness=0.003906
i=74,n=0,objectness=0.003906
i=74,n=1,objectness=0.003906
i=74,n=2,objectness=0.003906
i=75,n=0,objectness=0.003906
i=75,n=1,objectness=0.003906
i=75,n=2,objectness=0.003906
i=76,n=0,objectness=0.003906
i=76,n=1,objectness=0.003906
i=76,n=2,objectness=0.003906
i=77,n=0,objectness=0.003906
i=77,n=1,objectness=0.003906
i=77,n=2,objectness=0.003906
i=78,n=0,objectness=0.003906
i=78,n=1,objectness=0.003906
i=78,n=2,objectness=0.003906
i=79,n=0,objectness=0.003906
i=79,n=1,objectness=0.003906
i=79,n=2,objectness=0.003906
i=80,n=0,objectness=0.003906
i=80,n=1,objectness=0.003906
i=80,n=2,objectness=0.003906
i=81,n=0,objectness=0.003906
i=81,n=1,objectness=0.003906
i=81,n=2,objectness=0.003906
i=82,n=0,objectness=0.003906
i=82,n=1,objectness=0.003906
i=82,n=2,objectness=0.003906
i=83,n=0,objectness=0.003906
i=83,n=1,objectness=0.003906
i=83,n=2,objectness=0.003906
i=84,n=0,objectness=0.003906
i=84,n=1,objectness=0.003906
i=84,n=2,objectness=0.003906
i=85,n=0,objectness=0.003906
i=85,n=1,objectness=0.003906
i=85,n=2,objectness=0.003906
i=86,n=0,objectness=0.003906
i=86,n=1,objectness=0.003906
i=86,n=2,objectness=0.003906
i=87,n=0,objectness=0.003906
i=87,n=1,objectness=0.003906
i=87,n=2,objectness=0.003906
i=88,n=0,objectness=0.003906
i=88,n=1,objectness=0.003906
i=88,n=2,objectness=0.003906
i=89,n=0,objectness=0.003906
i=89,n=1,objectness=0.003906
i=89,n=2,objectness=0.003906
i=90,n=0,objectness=0.003906
i=90,n=1,objectness=0.003906
i=90,n=2,objectness=0.003906
i=91,n=0,objectness=0.003906
i=91,n=1,objectness=0.003906
i=91,n=2,objectness=0.003906
i=92,n=0,objectness=0.003906
i=92,n=1,objectness=0.003906
i=92,n=2,objectness=0.003906
i=93,n=0,objectness=0.003906
i=93,n=1,objectness=0.003906
i=93,n=2,objectness=0.003906
i=94,n=0,objectness=0.003906
i=94,n=1,objectness=0.003906
i=94,n=2,objectness=0.003906
i=95,n=0,objectness=0.003906
i=95,n=1,objectness=0.003906
i=95,n=2,objectness=0.003906
i=96,n=0,objectness=0.003906
i=96,n=1,objectness=0.003906
i=96,n=2,objectness=0.003906
i=97,n=0,objectness=0.003906
i=97,n=1,objectness=0.003906
i=97,n=2,objectness=0.003906
i=98,n=0,objectness=0.003906
i=98,n=1,objectness=0.003906
i=98,n=2,objectness=0.003906
i=99,n=0,objectness=0.003906
i=99,n=1,objectness=0.003906
i=99,n=2,objectness=0.003906
i=100,n=0,objectness=0.003906
i=100,n=1,objectness=0.003906
i=100,n=2,objectness=0.003906
i=101,n=0,objectness=0.003906
i=101,n=1,objectness=0.003906
i=101,n=2,objectness=0.003906
i=102,n=0,objectness=0.003906
i=102,n=1,objectness=0.003906
i=102,n=2,objectness=0.003906
i=103,n=0,objectness=0.003906
i=103,n=1,objectness=0.003906
i=103,n=2,objectness=0.003906
i=104,n=0,objectness=0.003906
i=104,n=1,objectness=0.003906
i=104,n=2,objectness=0.003906
i=105,n=0,objectness=0.003906
i=105,n=1,objectness=0.003906
i=105,n=2,objectness=0.003906
i=106,n=0,objectness=0.003906
i=106,n=1,objectness=0.003906
i=106,n=2,objectness=0.003906
i=107,n=0,objectness=0.003906
i=107,n=1,objectness=0.003906
i=107,n=2,objectness=0.003906
i=108,n=0,objectness=0.003906
i=108,n=1,objectness=0.003906
i=108,n=2,objectness=0.003906
i=109,n=0,objectness=0.003906
i=109,n=1,objectness=0.003906
i=109,n=2,objectness=0.003906
i=110,n=0,objectness=0.003906
i=110,n=1,objectness=0.003906
i=110,n=2,objectness=0.003906
i=111,n=0,objectness=0.003906
i=111,n=1,objectness=0.003906
i=111,n=2,objectness=0.003906
i=112,n=0,objectness=0.003906
i=112,n=1,objectness=0.003906
i=112,n=2,objectness=0.003906
i=113,n=0,objectness=0.003906
i=113,n=1,objectness=0.003906
i=113,n=2,objectness=0.003906
i=114,n=0,objectness=0.003906
i=114,n=1,objectness=0.003906
i=114,n=2,objectness=0.003906
i=115,n=0,objectness=0.003906
i=115,n=1,objectness=0.003906
i=115,n=2,objectness=0.003906
i=116,n=0,objectness=0.003906
i=116,n=1,objectness=0.003906
i=116,n=2,objectness=0.003906
i=117,n=0,objectness=0.003906
i=117,n=1,objectness=0.003906
i=117,n=2,objectness=0.003906
i=118,n=0,objectness=0.003906
i=118,n=1,objectness=0.003906
i=118,n=2,objectness=0.003906
i=119,n=0,objectness=0.003906
i=119,n=1,objectness=0.003906
i=119,n=2,objectness=0.003906
i=120,n=0,objectness=0.003906
i=120,n=1,objectness=0.003906
i=120,n=2,objectness=0.003906
i=121,n=0,objectness=0.003906
i=121,n=1,objectness=0.003906
i=121,n=2,objectness=0.003906
i=122,n=0,objectness=0.003906
i=122,n=1,objectness=0.003906
i=122,n=2,objectness=0.003906
i=123,n=0,objectness=0.003906
i=123,n=1,objectness=0.003906
i=123,n=2,objectness=0.003906
i=124,n=0,objectness=0.003906
i=124,n=1,objectness=0.003906
i=124,n=2,objectness=0.003906
i=125,n=0,objectness=0.003906
i=125,n=1,objectness=0.003906
i=125,n=2,objectness=0.003906
i=126,n=0,objectness=0.003906
i=126,n=1,objectness=0.003906
i=126,n=2,objectness=0.003906
i=127,n=0,objectness=0.003906
i=127,n=1,objectness=0.003906
i=127,n=2,objectness=0.003906
i=128,n=0,objectness=0.003906
i=128,n=1,objectness=0.003906
i=128,n=2,objectness=0.003906
i=129,n=0,objectness=0.003906
i=129,n=1,objectness=0.003906
i=129,n=2,objectness=0.003906
i=130,n=0,objectness=0.003906
i=130,n=1,objectness=0.003906
i=130,n=2,objectness=0.003906
i=131,n=0,objectness=0.003906
i=131,n=1,objectness=0.003906
i=131,n=2,objectness=0.003906
i=132,n=0,objectness=0.003906
i=132,n=1,objectness=0.003906
i=132,n=2,objectness=0.003906
i=133,n=0,objectness=0.003906
i=133,n=1,objectness=0.003906
i=133,n=2,objectness=0.003906
i=134,n=0,objectness=0.003906
i=134,n=1,objectness=0.003906
i=134,n=2,objectness=0.003906
i=135,n=0,objectness=0.003906
i=135,n=1,objectness=0.003906
i=135,n=2,objectness=0.003906
i=136,n=0,objectness=0.003906
i=136,n=1,objectness=0.003906
i=136,n=2,objectness=0.003906
i=137,n=0,objectness=0.003906
i=137,n=1,objectness=0.003906
i=137,n=2,objectness=0.003906
i=138,n=0,objectness=0.003906
i=138,n=1,objectness=0.003906
i=138,n=2,objectness=0.003906
i=139,n=0,objectness=0.003906
i=139,n=1,objectness=0.003906
i=139,n=2,objectness=0.003906
i=140,n=0,objectness=0.003906
i=140,n=1,objectness=0.003906
i=140,n=2,objectness=0.003906
i=141,n=0,objectness=0.003906
i=141,n=1,objectness=0.003906
i=141,n=2,objectness=0.003906
i=142,n=0,objectness=0.003906
i=142,n=1,objectness=0.003906
i=142,n=2,objectness=0.003906
i=143,n=0,objectness=0.003906
i=143,n=1,objectness=0.003906
i=143,n=2,objectness=0.003906
i=144,n=0,objectness=0.003906
i=144,n=1,objectness=0.003906
i=144,n=2,objectness=0.003906
i=145,n=0,objectness=0.003906
i=145,n=1,objectness=0.003906
i=145,n=2,objectness=0.003906
i=146,n=0,objectness=0.003906
i=146,n=1,objectness=0.003906
i=146,n=2,objectness=0.003906
i=147,n=0,objectness=0.003906
i=147,n=1,objectness=0.003906
i=147,n=2,objectness=0.003906
i=148,n=0,objectness=0.003906
i=148,n=1,objectness=0.003906
i=148,n=2,objectness=0.003906
i=149,n=0,objectness=0.003906
i=149,n=1,objectness=0.003906
i=149,n=2,objectness=0.003906
i=150,n=0,objectness=0.003906
i=150,n=1,objectness=0.003906
i=150,n=2,objectness=0.003906
i=151,n=0,objectness=0.003906
i=151,n=1,objectness=0.003906
i=151,n=2,objectness=0.003906
i=152,n=0,objectness=0.003906
i=152,n=1,objectness=0.003906
i=152,n=2,objectness=0.003906
i=153,n=0,objectness=0.003906
i=153,n=1,objectness=0.003906
i=153,n=2,objectness=0.003906
i=154,n=0,objectness=0.003906
i=154,n=1,objectness=0.003906
i=154,n=2,objectness=0.003906
i=155,n=0,objectness=0.003906
i=155,n=1,objectness=0.003906
i=155,n=2,objectness=0.003906
i=156,n=0,objectness=0.003906
i=156,n=1,objectness=0.003906
i=156,n=2,objectness=0.003906
i=157,n=0,objectness=0.003906
i=157,n=1,objectness=0.003906
i=157,n=2,objectness=0.003906
i=158,n=0,objectness=0.003906
i=158,n=1,objectness=0.003906
i=158,n=2,objectness=0.003906
i=159,n=0,objectness=0.003906
i=159,n=1,objectness=0.003906
i=159,n=2,objectness=0.003906
i=160,n=0,objectness=0.003906
i=160,n=1,objectness=0.003906
i=160,n=2,objectness=0.003906
i=161,n=0,objectness=0.003906
i=161,n=1,objectness=0.003906
i=161,n=2,objectness=0.003906
i=162,n=0,objectness=0.003906
i=162,n=1,objectness=0.003906
i=162,n=2,objectness=0.003906
i=163,n=0,objectness=0.003906
i=163,n=1,objectness=0.003906
i=163,n=2,objectness=0.003906
i=164,n=0,objectness=0.003906
i=164,n=1,objectness=0.003906
i=164,n=2,objectness=0.003906
i=165,n=0,objectness=0.003906
i=165,n=1,objectness=0.003906
i=165,n=2,objectness=0.003906
i=166,n=0,objectness=0.003906
i=166,n=1,objectness=0.003906
i=166,n=2,objectness=0.003906
i=167,n=0,objectness=0.003906
i=167,n=1,objectness=0.003906
i=167,n=2,objectness=0.003906
i=168,n=0,objectness=0.003906
i=168,n=1,objectness=0.003906
i=168,n=2,objectness=0.003906
i=169,n=0,objectness=0.003906
i=169,n=1,objectness=0.003906
i=169,n=2,objectness=0.003906
i=170,n=0,objectness=0.003906
i=170,n=1,objectness=0.003906
i=170,n=2,objectness=0.003906
i=171,n=0,objectness=0.003906
i=171,n=1,objectness=0.003906
i=171,n=2,objectness=0.003906
i=172,n=0,objectness=0.003906
i=172,n=1,objectness=0.003906
i=172,n=2,objectness=0.003906
i=173,n=0,objectness=0.003906
i=173,n=1,objectness=0.003906
i=173,n=2,objectness=0.003906
i=174,n=0,objectness=0.003906
i=174,n=1,objectness=0.003906
i=174,n=2,objectness=0.003906
i=175,n=0,objectness=0.003906
i=175,n=1,objectness=0.003906
i=175,n=2,objectness=0.003906
i=176,n=0,objectness=0.003906
i=176,n=1,objectness=0.003906
i=176,n=2,objectness=0.003906
i=177,n=0,objectness=0.003906
i=177,n=1,objectness=0.003906
i=177,n=2,objectness=0.003906
i=178,n=0,objectness=0.003906
i=178,n=1,objectness=0.003906
i=178,n=2,objectness=0.003906
i=179,n=0,objectness=0.003906
i=179,n=1,objectness=0.003906
i=179,n=2,objectness=0.003906
i=180,n=0,objectness=0.003906
i=180,n=1,objectness=0.003906
i=180,n=2,objectness=0.003906
i=181,n=0,objectness=0.003906
i=181,n=1,objectness=0.003906
i=181,n=2,objectness=0.003906
i=182,n=0,objectness=0.003906
i=182,n=1,objectness=0.003906
i=182,n=2,objectness=0.003906
i=183,n=0,objectness=0.003906
i=183,n=1,objectness=0.003906
i=183,n=2,objectness=0.003906
i=184,n=0,objectness=0.003906
i=184,n=1,objectness=0.003906
i=184,n=2,objectness=0.003906
i=185,n=0,objectness=0.003906
i=185,n=1,objectness=0.003906
i=185,n=2,objectness=0.003906
i=186,n=0,objectness=0.003906
i=186,n=1,objectness=0.003906
i=186,n=2,objectness=0.003906
i=187,n=0,objectness=0.003906
i=187,n=1,objectness=0.003906
i=187,n=2,objectness=0.003906
i=188,n=0,objectness=0.003906
i=188,n=1,objectness=0.003906
i=188,n=2,objectness=0.003906
i=189,n=0,objectness=0.003906
i=189,n=1,objectness=0.003906
i=189,n=2,objectness=0.003906
i=190,n=0,objectness=0.003906
i=190,n=1,objectness=0.003906
i=190,n=2,objectness=0.003906
i=191,n=0,objectness=0.003906
i=191,n=1,objectness=0.003906
i=191,n=2,objectness=0.003906
i=192,n=0,objectness=0.003906
i=192,n=1,objectness=0.003906
i=192,n=2,objectness=0.003906
i=193,n=0,objectness=0.003906
i=193,n=1,objectness=0.003906
i=193,n=2,objectness=0.003906
i=194,n=0,objectness=0.003906
i=194,n=1,objectness=0.003906
i=194,n=2,objectness=0.003906
i=195,n=0,objectness=0.003906
i=195,n=1,objectness=0.003906
i=195,n=2,objectness=0.003906
i=196,n=0,objectness=0.003906
i=196,n=1,objectness=0.003906
i=196,n=2,objectness=0.003906
i=197,n=0,objectness=0.003906
i=197,n=1,objectness=0.003906
i=197,n=2,objectness=0.003906
i=198,n=0,objectness=0.003906
i=198,n=1,objectness=0.003906
i=198,n=2,objectness=0.003906
i=199,n=0,objectness=0.003906
i=199,n=1,objectness=0.003906
i=199,n=2,objectness=0.003906
i=200,n=0,objectness=0.003906
i=200,n=1,objectness=0.003906
i=200,n=2,objectness=0.003906
i=201,n=0,objectness=0.003906
i=201,n=1,objectness=0.003906
i=201,n=2,objectness=0.003906
i=202,n=0,objectness=0.003906
i=202,n=1,objectness=0.003906
i=202,n=2,objectness=0.003906
i=203,n=0,objectness=0.003906
i=203,n=1,objectness=0.003906
i=203,n=2,objectness=0.003906
i=204,n=0,objectness=0.003906
i=204,n=1,objectness=0.003906
i=204,n=2,objectness=0.003906
i=205,n=0,objectness=0.003906
i=205,n=1,objectness=0.003906
i=205,n=2,objectness=0.003906
i=206,n=0,objectness=0.003906
i=206,n=1,objectness=0.003906
i=206,n=2,objectness=0.003906
i=207,n=0,objectness=0.003906
i=207,n=1,objectness=0.003906
i=207,n=2,objectness=0.003906
i=208,n=0,objectness=0.003906
i=208,n=1,objectness=0.003906
i=208,n=2,objectness=0.003906
i=209,n=0,objectness=0.003906
i=209,n=1,objectness=0.003906
i=209,n=2,objectness=0.003906
i=210,n=0,objectness=0.003906
i=210,n=1,objectness=0.003906
i=210,n=2,objectness=0.003906
i=211,n=0,objectness=0.003906
i=211,n=1,objectness=0.003906
i=211,n=2,objectness=0.003906
i=212,n=0,objectness=0.003906
i=212,n=1,objectness=0.003906
i=212,n=2,objectness=0.003906
i=213,n=0,objectness=0.003906
i=213,n=1,objectness=0.003906
i=213,n=2,objectness=0.003906
i=214,n=0,objectness=0.003906
i=214,n=1,objectness=0.003906
i=214,n=2,objectness=0.003906
i=215,n=0,objectness=0.003906
i=215,n=1,objectness=0.003906
i=215,n=2,objectness=0.003906
i=216,n=0,objectness=0.003906
i=216,n=1,objectness=0.003906
i=216,n=2,objectness=0.003906
i=217,n=0,objectness=0.011719
i=217,n=1,objectness=0.003906
i=217,n=2,objectness=0.003906
i=218,n=0,objectness=0.128906
i=218,n=1,objectness=0.003906
i=218,n=2,objectness=0.003906
i=219,n=0,objectness=0.031250
i=219,n=1,objectness=0.003906
i=219,n=2,objectness=0.003906
i=220,n=0,objectness=0.003906
i=220,n=1,objectness=0.003906
i=220,n=2,objectness=0.003906
i=221,n=0,objectness=0.003906
i=221,n=1,objectness=0.003906
i=221,n=2,objectness=0.003906
i=222,n=0,objectness=0.046875
i=222,n=1,objectness=0.003906
i=222,n=2,objectness=0.003906
i=223,n=0,objectness=0.003906
i=223,n=1,objectness=0.003906
i=223,n=2,objectness=0.003906
i=224,n=0,objectness=0.003906
i=224,n=1,objectness=0.003906
i=224,n=2,objectness=0.003906
i=225,n=0,objectness=0.007813
i=225,n=1,objectness=0.003906
i=225,n=2,objectness=0.003906
i=226,n=0,objectness=0.003906
i=226,n=1,objectness=0.003906
i=226,n=2,objectness=0.003906
i=227,n=0,objectness=0.003906
i=227,n=1,objectness=0.003906
i=227,n=2,objectness=0.003906
i=228,n=0,objectness=0.003906
i=228,n=1,objectness=0.003906
i=228,n=2,objectness=0.003906
i=229,n=0,objectness=0.003906
i=229,n=1,objectness=0.003906
i=229,n=2,objectness=0.003906
i=230,n=0,objectness=0.003906
i=230,n=1,objectness=0.003906
i=230,n=2,objectness=0.003906
i=231,n=0,objectness=0.003906
i=231,n=1,objectness=0.003906
i=231,n=2,objectness=0.003906
i=232,n=0,objectness=0.003906
i=232,n=1,objectness=0.003906
i=232,n=2,objectness=0.003906
i=233,n=0,objectness=0.003906
i=233,n=1,objectness=0.003906
i=233,n=2,objectness=0.003906
i=234,n=0,objectness=0.003906
i=234,n=1,objectness=0.003906
i=234,n=2,objectness=0.003906
i=235,n=0,objectness=0.003906
i=235,n=1,objectness=0.003906
i=235,n=2,objectness=0.003906
i=236,n=0,objectness=0.003906
i=236,n=1,objectness=0.003906
i=236,n=2,objectness=0.003906
i=237,n=0,objectness=0.003906
i=237,n=1,objectness=0.003906
i=237,n=2,objectness=0.003906
i=238,n=0,objectness=0.003906
i=238,n=1,objectness=0.003906
i=238,n=2,objectness=0.003906
i=239,n=0,objectness=0.003906
i=239,n=1,objectness=0.003906
i=239,n=2,objectness=0.003906
i=240,n=0,objectness=0.003906
i=240,n=1,objectness=0.003906
i=240,n=2,objectness=0.003906
i=241,n=0,objectness=0.003906
i=241,n=1,objectness=0.003906
i=241,n=2,objectness=0.003906
i=242,n=0,objectness=0.003906
i=242,n=1,objectness=0.003906
i=242,n=2,objectness=0.003906
i=243,n=0,objectness=0.003906
i=243,n=1,objectness=0.003906
i=243,n=2,objectness=0.003906
i=244,n=0,objectness=0.019531
i=244,n=1,objectness=0.003906
i=244,n=2,objectness=0.003906
i=245,n=0,objectness=0.003906
i=245,n=1,objectness=0.003906
i=245,n=2,objectness=0.003906
i=246,n=0,objectness=0.003906
i=246,n=1,objectness=0.003906
i=246,n=2,objectness=0.003906
i=247,n=0,objectness=0.003906
i=247,n=1,objectness=0.003906
i=247,n=2,objectness=0.003906
i=248,n=0,objectness=0.003906
i=248,n=1,objectness=0.003906
i=248,n=2,objectness=0.003906
i=249,n=0,objectness=0.003906
i=249,n=1,objectness=0.003906
i=249,n=2,objectness=0.003906
i=250,n=0,objectness=0.003906
i=250,n=1,objectness=0.003906
i=250,n=2,objectness=0.003906
i=251,n=0,objectness=0.003906
i=251,n=1,objectness=0.003906
i=251,n=2,objectness=0.003906
i=252,n=0,objectness=0.003906
i=252,n=1,objectness=0.003906
i=252,n=2,objectness=0.003906
i=253,n=0,objectness=0.003906
i=253,n=1,objectness=0.003906
i=253,n=2,objectness=0.003906
i=254,n=0,objectness=0.003906
i=254,n=1,objectness=0.003906
i=254,n=2,objectness=0.003906
i=255,n=0,objectness=0.003906
i=255,n=1,objectness=0.003906
i=255,n=2,objectness=0.003906
i=256,n=0,objectness=0.003906
i=256,n=1,objectness=0.003906
i=256,n=2,objectness=0.003906
i=257,n=0,objectness=0.003906
i=257,n=1,objectness=0.003906
i=257,n=2,objectness=0.003906
i=258,n=0,objectness=0.003906
i=258,n=1,objectness=0.003906
i=258,n=2,objectness=0.003906
i=259,n=0,objectness=0.003906
i=259,n=1,objectness=0.003906
i=259,n=2,objectness=0.003906
i=260,n=0,objectness=0.003906
i=260,n=1,objectness=0.003906
i=260,n=2,objectness=0.003906
i=261,n=0,objectness=0.003906
i=261,n=1,objectness=0.003906
i=261,n=2,objectness=0.003906
i=262,n=0,objectness=0.003906
i=262,n=1,objectness=0.003906
i=262,n=2,objectness=0.003906
i=263,n=0,objectness=0.003906
i=263,n=1,objectness=0.003906
i=263,n=2,objectness=0.003906
i=264,n=0,objectness=0.003906
i=264,n=1,objectness=0.003906
i=264,n=2,objectness=0.003906
i=265,n=0,objectness=0.003906
i=265,n=1,objectness=0.003906
i=265,n=2,objectness=0.003906
i=266,n=0,objectness=0.003906
i=266,n=1,objectness=0.003906
i=266,n=2,objectness=0.003906
i=267,n=0,objectness=0.003906
i=267,n=1,objectness=0.003906
i=267,n=2,objectness=0.003906
i=268,n=0,objectness=0.003906
i=268,n=1,objectness=0.003906
i=268,n=2,objectness=0.003906
i=269,n=0,objectness=0.003906
i=269,n=1,objectness=0.003906
i=269,n=2,objectness=0.003906
i=270,n=0,objectness=0.003906
i=270,n=1,objectness=0.003906
i=270,n=2,objectness=0.003906
i=271,n=0,objectness=0.003906
i=271,n=1,objectness=0.003906
i=271,n=2,objectness=0.003906
i=272,n=0,objectness=0.003906
i=272,n=1,objectness=0.003906
i=272,n=2,objectness=0.003906
i=273,n=0,objectness=0.003906
i=273,n=1,objectness=0.003906
i=273,n=2,objectness=0.003906
i=274,n=0,objectness=0.003906
i=274,n=1,objectness=0.003906
i=274,n=2,objectness=0.003906
i=275,n=0,objectness=0.003906
i=275,n=1,objectness=0.003906
i=275,n=2,objectness=0.003906
i=276,n=0,objectness=0.003906
i=276,n=1,objectness=0.003906
i=276,n=2,objectness=0.003906
i=277,n=0,objectness=0.003906
i=277,n=1,objectness=0.003906
i=277,n=2,objectness=0.003906
i=278,n=0,objectness=0.003906
i=278,n=1,objectness=0.003906
i=278,n=2,objectness=0.003906
i=279,n=0,objectness=0.003906
i=279,n=1,objectness=0.003906
i=279,n=2,objectness=0.003906
i=280,n=0,objectness=0.003906
i=280,n=1,objectness=0.003906
i=280,n=2,objectness=0.003906
i=281,n=0,objectness=0.003906
i=281,n=1,objectness=0.003906
i=281,n=2,objectness=0.003906
i=282,n=0,objectness=0.003906
i=282,n=1,objectness=0.003906
i=282,n=2,objectness=0.003906
i=283,n=0,objectness=0.003906
i=283,n=1,objectness=0.003906
i=283,n=2,objectness=0.003906
i=284,n=0,objectness=0.003906
i=284,n=1,objectness=0.003906
i=284,n=2,objectness=0.003906
i=285,n=0,objectness=0.003906
i=285,n=1,objectness=0.003906
i=285,n=2,objectness=0.003906
i=286,n=0,objectness=0.003906
i=286,n=1,objectness=0.003906
i=286,n=2,objectness=0.003906
i=287,n=0,objectness=0.003906
i=287,n=1,objectness=0.003906
i=287,n=2,objectness=0.003906
i=288,n=0,objectness=0.003906
i=288,n=1,objectness=0.003906
i=288,n=2,objectness=0.003906
i=289,n=0,objectness=0.003906
i=289,n=1,objectness=0.003906
i=289,n=2,objectness=0.003906
i=290,n=0,objectness=0.003906
i=290,n=1,objectness=0.003906
i=290,n=2,objectness=0.003906
i=291,n=0,objectness=0.003906
i=291,n=1,objectness=0.003906
i=291,n=2,objectness=0.003906
i=292,n=0,objectness=0.003906
i=292,n=1,objectness=0.003906
i=292,n=2,objectness=0.003906
i=293,n=0,objectness=0.003906
i=293,n=1,objectness=0.003906
i=293,n=2,objectness=0.003906
i=294,n=0,objectness=0.003906
i=294,n=1,objectness=0.003906
i=294,n=2,objectness=0.003906
i=295,n=0,objectness=0.003906
i=295,n=1,objectness=0.003906
i=295,n=2,objectness=0.003906
i=296,n=0,objectness=0.003906
i=296,n=1,objectness=0.003906
i=296,n=2,objectness=0.003906
i=297,n=0,objectness=0.003906
i=297,n=1,objectness=0.003906
i=297,n=2,objectness=0.003906
i=298,n=0,objectness=0.003906
i=298,n=1,objectness=0.003906
i=298,n=2,objectness=0.003906
i=299,n=0,objectness=0.003906
i=299,n=1,objectness=0.003906
i=299,n=2,objectness=0.003906
i=300,n=0,objectness=0.003906
i=300,n=1,objectness=0.003906
i=300,n=2,objectness=0.003906
i=301,n=0,objectness=0.003906
i=301,n=1,objectness=0.003906
i=301,n=2,objectness=0.003906
i=302,n=0,objectness=0.003906
i=302,n=1,objectness=0.003906
i=302,n=2,objectness=0.003906
i=303,n=0,objectness=0.003906
i=303,n=1,objectness=0.003906
i=303,n=2,objectness=0.003906
i=304,n=0,objectness=0.003906
i=304,n=1,objectness=0.003906
i=304,n=2,objectness=0.003906
i=305,n=0,objectness=0.003906
i=305,n=1,objectness=0.003906
i=305,n=2,objectness=0.003906
i=306,n=0,objectness=0.003906
i=306,n=1,objectness=0.003906
i=306,n=2,objectness=0.003906
i=307,n=0,objectness=0.003906
i=307,n=1,objectness=0.003906
i=307,n=2,objectness=0.003906
i=308,n=0,objectness=0.003906
i=308,n=1,objectness=0.003906
i=308,n=2,objectness=0.003906
i=309,n=0,objectness=0.003906
i=309,n=1,objectness=0.003906
i=309,n=2,objectness=0.003906
i=310,n=0,objectness=0.003906
i=310,n=1,objectness=0.003906
i=310,n=2,objectness=0.003906
i=311,n=0,objectness=0.003906
i=311,n=1,objectness=0.003906
i=311,n=2,objectness=0.003906
i=312,n=0,objectness=0.003906
i=312,n=1,objectness=0.003906
i=312,n=2,objectness=0.003906
i=313,n=0,objectness=0.003906
i=313,n=1,objectness=0.003906
i=313,n=2,objectness=0.003906
i=314,n=0,objectness=0.003906
i=314,n=1,objectness=0.003906
i=314,n=2,objectness=0.003906
i=315,n=0,objectness=0.003906
i=315,n=1,objectness=0.003906
i=315,n=2,objectness=0.003906
i=316,n=0,objectness=0.003906
i=316,n=1,objectness=0.003906
i=316,n=2,objectness=0.003906
i=317,n=0,objectness=0.003906
i=317,n=1,objectness=0.003906
i=317,n=2,objectness=0.003906
i=318,n=0,objectness=0.003906
i=318,n=1,objectness=0.003906
i=318,n=2,objectness=0.003906
i=319,n=0,objectness=0.003906
i=319,n=1,objectness=0.003906
i=319,n=2,objectness=0.003906
i=320,n=0,objectness=0.003906
i=320,n=1,objectness=0.003906
i=320,n=2,objectness=0.003906
i=321,n=0,objectness=0.003906
i=321,n=1,objectness=0.003906
i=321,n=2,objectness=0.003906
i=322,n=0,objectness=0.003906
i=322,n=1,objectness=0.003906
i=322,n=2,objectness=0.003906
i=323,n=0,objectness=0.003906
i=323,n=1,objectness=0.003906
i=323,n=2,objectness=0.003906
i=324,n=0,objectness=0.003906
i=324,n=1,objectness=0.003906
i=324,n=2,objectness=0.003906
i=325,n=0,objectness=0.003906
i=325,n=1,objectness=0.003906
i=325,n=2,objectness=0.003906
i=326,n=0,objectness=0.003906
i=326,n=1,objectness=0.003906
i=326,n=2,objectness=0.003906
i=327,n=0,objectness=0.003906
i=327,n=1,objectness=0.003906
i=327,n=2,objectness=0.003906
i=328,n=0,objectness=0.003906
i=328,n=1,objectness=0.003906
i=328,n=2,objectness=0.003906
i=329,n=0,objectness=0.003906
i=329,n=1,objectness=0.003906
i=329,n=2,objectness=0.003906
i=330,n=0,objectness=0.003906
i=330,n=1,objectness=0.003906
i=330,n=2,objectness=0.003906
i=331,n=0,objectness=0.003906
i=331,n=1,objectness=0.003906
i=331,n=2,objectness=0.003906
i=332,n=0,objectness=0.003906
i=332,n=1,objectness=0.003906
i=332,n=2,objectness=0.003906
i=333,n=0,objectness=0.003906
i=333,n=1,objectness=0.003906
i=333,n=2,objectness=0.003906
i=334,n=0,objectness=0.003906
i=334,n=1,objectness=0.003906
i=334,n=2,objectness=0.003906
i=335,n=0,objectness=0.003906
i=335,n=1,objectness=0.003906
i=335,n=2,objectness=0.003906
i=336,n=0,objectness=0.003906
i=336,n=1,objectness=0.003906
i=336,n=2,objectness=0.003906
i=337,n=0,objectness=0.003906
i=337,n=1,objectness=0.003906
i=337,n=2,objectness=0.003906
i=338,n=0,objectness=0.003906
i=338,n=1,objectness=0.003906
i=338,n=2,objectness=0.003906
i=339,n=0,objectness=0.003906
i=339,n=1,objectness=0.003906
i=339,n=2,objectness=0.003906
i=340,n=0,objectness=0.003906
i=340,n=1,objectness=0.003906
i=340,n=2,objectness=0.003906
i=341,n=0,objectness=0.003906
i=341,n=1,objectness=0.003906
i=341,n=2,objectness=0.003906
i=342,n=0,objectness=0.003906
i=342,n=1,objectness=0.003906
i=342,n=2,objectness=0.003906
i=343,n=0,objectness=0.003906
i=343,n=1,objectness=0.003906
i=343,n=2,objectness=0.003906
i=344,n=0,objectness=0.003906
i=344,n=1,objectness=0.003906
i=344,n=2,objectness=0.003906
i=345,n=0,objectness=0.003906
i=345,n=1,objectness=0.003906
i=345,n=2,objectness=0.003906
i=346,n=0,objectness=0.003906
i=346,n=1,objectness=0.003906
i=346,n=2,objectness=0.003906
i=347,n=0,objectness=0.003906
i=347,n=1,objectness=0.003906
i=347,n=2,objectness=0.003906
i=348,n=0,objectness=0.003906
i=348,n=1,objectness=0.003906
i=348,n=2,objectness=0.003906
i=349,n=0,objectness=0.003906
i=349,n=1,objectness=0.003906
i=349,n=2,objectness=0.003906
i=350,n=0,objectness=0.003906
i=350,n=1,objectness=0.003906
i=350,n=2,objectness=0.003906
i=351,n=0,objectness=0.003906
i=351,n=1,objectness=0.003906
i=351,n=2,objectness=0.003906
i=352,n=0,objectness=0.003906
i=352,n=1,objectness=0.003906
i=352,n=2,objectness=0.003906
i=353,n=0,objectness=0.003906
i=353,n=1,objectness=0.003906
i=353,n=2,objectness=0.003906
i=354,n=0,objectness=0.003906
i=354,n=1,objectness=0.003906
i=354,n=2,objectness=0.003906
i=355,n=0,objectness=0.003906
i=355,n=1,objectness=0.003906
i=355,n=2,objectness=0.003906
i=356,n=0,objectness=0.003906
i=356,n=1,objectness=0.003906
i=356,n=2,objectness=0.003906
i=357,n=0,objectness=0.003906
i=357,n=1,objectness=0.003906
i=357,n=2,objectness=0.003906
i=358,n=0,objectness=0.003906
i=358,n=1,objectness=0.003906
i=358,n=2,objectness=0.003906
i=359,n=0,objectness=0.003906
i=359,n=1,objectness=0.003906
i=359,n=2,objectness=0.003906
i=360,n=0,objectness=0.007813
i=360,n=1,objectness=0.003906
i=360,n=2,objectness=0.003906
i=361,n=0,objectness=0.535156
i=361,n=1,objectness=0.003906
i=361,n=2,objectness=0.003906
i=362,n=0,objectness=0.003906
i=362,n=1,objectness=0.003906
i=362,n=2,objectness=0.003906
i=363,n=0,objectness=0.003906
i=363,n=1,objectness=0.003906
i=363,n=2,objectness=0.003906
i=364,n=0,objectness=0.003906
i=364,n=1,objectness=0.003906
i=364,n=2,objectness=0.003906
i=365,n=0,objectness=0.003906
i=365,n=1,objectness=0.003906
i=365,n=2,objectness=0.003906
i=366,n=0,objectness=0.003906
i=366,n=1,objectness=0.003906
i=366,n=2,objectness=0.003906
i=367,n=0,objectness=0.003906
i=367,n=1,objectness=0.003906
i=367,n=2,objectness=0.003906
i=368,n=0,objectness=0.003906
i=368,n=1,objectness=0.003906
i=368,n=2,objectness=0.003906
i=369,n=0,objectness=0.003906
i=369,n=1,objectness=0.003906
i=369,n=2,objectness=0.003906
i=370,n=0,objectness=0.003906
i=370,n=1,objectness=0.003906
i=370,n=2,objectness=0.003906
i=371,n=0,objectness=0.003906
i=371,n=1,objectness=0.003906
i=371,n=2,objectness=0.003906
i=372,n=0,objectness=0.003906
i=372,n=1,objectness=0.003906
i=372,n=2,objectness=0.003906
i=373,n=0,objectness=0.003906
i=373,n=1,objectness=0.003906
i=373,n=2,objectness=0.003906
i=374,n=0,objectness=0.003906
i=374,n=1,objectness=0.003906
i=374,n=2,objectness=0.003906
i=375,n=0,objectness=0.003906
i=375,n=1,objectness=0.003906
i=375,n=2,objectness=0.003906
i=376,n=0,objectness=0.003906
i=376,n=1,objectness=0.003906
i=376,n=2,objectness=0.003906
i=377,n=0,objectness=0.003906
i=377,n=1,objectness=0.003906
i=377,n=2,objectness=0.003906
i=378,n=0,objectness=0.003906
i=378,n=1,objectness=0.003906
i=378,n=2,objectness=0.003906
i=379,n=0,objectness=0.003906
i=379,n=1,objectness=0.003906
i=379,n=2,objectness=0.003906
i=380,n=0,objectness=0.003906
i=380,n=1,objectness=0.003906
i=380,n=2,objectness=0.003906
i=381,n=0,objectness=0.003906
i=381,n=1,objectness=0.003906
i=381,n=2,objectness=0.003906
i=382,n=0,objectness=0.003906
i=382,n=1,objectness=0.003906
i=382,n=2,objectness=0.003906
i=383,n=0,objectness=0.003906
i=383,n=1,objectness=0.003906
i=383,n=2,objectness=0.003906
i=384,n=0,objectness=0.003906
i=384,n=1,objectness=0.003906
i=384,n=2,objectness=0.003906
i=385,n=0,objectness=0.003906
i=385,n=1,objectness=0.003906
i=385,n=2,objectness=0.003906
i=386,n=0,objectness=0.003906
i=386,n=1,objectness=0.003906
i=386,n=2,objectness=0.003906
i=387,n=0,objectness=0.003906
i=387,n=1,objectness=0.003906
i=387,n=2,objectness=0.003906
i=388,n=0,objectness=0.003906
i=388,n=1,objectness=0.003906
i=388,n=2,objectness=0.003906
i=389,n=0,objectness=0.003906
i=389,n=1,objectness=0.003906
i=389,n=2,objectness=0.003906
i=390,n=0,objectness=0.003906
i=390,n=1,objectness=0.003906
i=390,n=2,objectness=0.003906
i=391,n=0,objectness=0.003906
i=391,n=1,objectness=0.003906
i=391,n=2,objectness=0.003906
i=392,n=0,objectness=0.003906
i=392,n=1,objectness=0.003906
i=392,n=2,objectness=0.003906
i=393,n=0,objectness=0.003906
i=393,n=1,objectness=0.003906
i=393,n=2,objectness=0.003906
i=394,n=0,objectness=0.003906
i=394,n=1,objectness=0.003906
i=394,n=2,objectness=0.003906
i=395,n=0,objectness=0.003906
i=395,n=1,objectness=0.003906
i=395,n=2,objectness=0.003906
i=396,n=0,objectness=0.003906
i=396,n=1,objectness=0.003906
i=396,n=2,objectness=0.003906
i=397,n=0,objectness=0.003906
i=397,n=1,objectness=0.003906
i=397,n=2,objectness=0.003906
i=398,n=0,objectness=0.003906
i=398,n=1,objectness=0.003906
i=398,n=2,objectness=0.003906
i=399,n=0,objectness=0.003906
i=399,n=1,objectness=0.003906
i=399,n=2,objectness=0.003906
i=400,n=0,objectness=0.003906
i=400,n=1,objectness=0.003906
i=400,n=2,objectness=0.003906
i=401,n=0,objectness=0.003906
i=401,n=1,objectness=0.003906
i=401,n=2,objectness=0.003906
i=402,n=0,objectness=0.003906
i=402,n=1,objectness=0.003906
i=402,n=2,objectness=0.003906
i=403,n=0,objectness=0.023438
i=403,n=1,objectness=0.003906
i=403,n=2,objectness=0.003906
i=404,n=0,objectness=0.003906
i=404,n=1,objectness=0.003906
i=404,n=2,objectness=0.003906
i=405,n=0,objectness=0.003906
i=405,n=1,objectness=0.003906
i=405,n=2,objectness=0.003906
i=406,n=0,objectness=0.003906
i=406,n=1,objectness=0.003906
i=406,n=2,objectness=0.003906
i=407,n=0,objectness=0.003906
i=407,n=1,objectness=0.003906
i=407,n=2,objectness=0.003906
i=408,n=0,objectness=0.003906
i=408,n=1,objectness=0.003906
i=408,n=2,objectness=0.003906
i=409,n=0,objectness=0.003906
i=409,n=1,objectness=0.003906
i=409,n=2,objectness=0.003906
i=410,n=0,objectness=0.003906
i=410,n=1,objectness=0.003906
i=410,n=2,objectness=0.003906
i=411,n=0,objectness=0.003906
i=411,n=1,objectness=0.003906
i=411,n=2,objectness=0.003906
i=412,n=0,objectness=0.003906
i=412,n=1,objectness=0.003906
i=412,n=2,objectness=0.003906
i=413,n=0,objectness=0.003906
i=413,n=1,objectness=0.003906
i=413,n=2,objectness=0.003906
i=414,n=0,objectness=0.003906
i=414,n=1,objectness=0.003906
i=414,n=2,objectness=0.003906
i=415,n=0,objectness=0.003906
i=415,n=1,objectness=0.003906
i=415,n=2,objectness=0.003906
i=416,n=0,objectness=0.042969
i=416,n=1,objectness=0.003906
i=416,n=2,objectness=0.003906
i=417,n=0,objectness=0.175781
i=417,n=1,objectness=0.007813
i=417,n=2,objectness=0.003906
i=418,n=0,objectness=0.605469
i=418,n=1,objectness=0.117188
i=418,n=2,objectness=0.007813
i=419,n=0,objectness=0.238281
i=419,n=1,objectness=0.003906
i=419,n=2,objectness=0.003906
i=420,n=0,objectness=0.003906
i=420,n=1,objectness=0.003906
i=420,n=2,objectness=0.003906
i=421,n=0,objectness=0.003906
i=421,n=1,objectness=0.003906
i=421,n=2,objectness=0.003906
i=422,n=0,objectness=0.007813
i=422,n=1,objectness=0.003906
i=422,n=2,objectness=0.003906
i=423,n=0,objectness=0.003906
i=423,n=1,objectness=0.003906
i=423,n=2,objectness=0.003906
i=424,n=0,objectness=0.011719
i=424,n=1,objectness=0.003906
i=424,n=2,objectness=0.003906
i=425,n=0,objectness=0.003906
i=425,n=1,objectness=0.003906
i=425,n=2,objectness=0.003906
i=426,n=0,objectness=0.003906
i=426,n=1,objectness=0.003906
i=426,n=2,objectness=0.003906
i=427,n=0,objectness=0.003906
i=427,n=1,objectness=0.003906
i=427,n=2,objectness=0.003906
i=428,n=0,objectness=0.007813
i=428,n=1,objectness=0.003906
i=428,n=2,objectness=0.003906
i=429,n=0,objectness=0.105469
i=429,n=1,objectness=0.003906
i=429,n=2,objectness=0.003906
i=430,n=0,objectness=0.003906
i=430,n=1,objectness=0.003906
i=430,n=2,objectness=0.003906
i=431,n=0,objectness=0.003906
i=431,n=1,objectness=0.003906
i=431,n=2,objectness=0.003906
i=432,n=0,objectness=0.027344
i=432,n=1,objectness=0.003906
i=432,n=2,objectness=0.003906
i=433,n=0,objectness=0.015625
i=433,n=1,objectness=0.003906
i=433,n=2,objectness=0.003906
i=434,n=0,objectness=0.003906
i=434,n=1,objectness=0.003906
i=434,n=2,objectness=0.003906
i=435,n=0,objectness=0.031250
i=435,n=1,objectness=0.003906
i=435,n=2,objectness=0.003906
i=436,n=0,objectness=0.003906
i=436,n=1,objectness=0.003906
i=436,n=2,objectness=0.003906
i=437,n=0,objectness=0.003906
i=437,n=1,objectness=0.003906
i=437,n=2,objectness=0.003906
i=438,n=0,objectness=0.003906
i=438,n=1,objectness=0.003906
i=438,n=2,objectness=0.003906
i=439,n=0,objectness=0.003906
i=439,n=1,objectness=0.003906
i=439,n=2,objectness=0.003906
i=440,n=0,objectness=0.003906
i=440,n=1,objectness=0.003906
i=440,n=2,objectness=0.003906
i=441,n=0,objectness=0.003906
i=441,n=1,objectness=0.003906
i=441,n=2,objectness=0.003906
i=442,n=0,objectness=0.019531
i=442,n=1,objectness=0.003906
i=442,n=2,objectness=0.003906
i=443,n=0,objectness=0.218750
i=443,n=1,objectness=0.003906
i=443,n=2,objectness=0.003906
i=444,n=0,objectness=0.187500
i=444,n=1,objectness=0.257813
i=444,n=2,objectness=0.007813
i=445,n=0,objectness=0.023438
i=445,n=1,objectness=0.003906
i=445,n=2,objectness=0.003906
i=446,n=0,objectness=0.003906
i=446,n=1,objectness=0.003906
i=446,n=2,objectness=0.003906
i=447,n=0,objectness=0.003906
i=447,n=1,objectness=0.003906
i=447,n=2,objectness=0.003906
i=448,n=0,objectness=0.039063
i=448,n=1,objectness=0.003906
i=448,n=2,objectness=0.003906
i=449,n=0,objectness=0.003906
i=449,n=1,objectness=0.003906
i=449,n=2,objectness=0.003906
i=450,n=0,objectness=0.027344
i=450,n=1,objectness=0.003906
i=450,n=2,objectness=0.003906
i=451,n=0,objectness=0.031250
i=451,n=1,objectness=0.003906
i=451,n=2,objectness=0.003906
i=452,n=0,objectness=0.003906
i=452,n=1,objectness=0.003906
i=452,n=2,objectness=0.003906
i=453,n=0,objectness=0.003906
i=453,n=1,objectness=0.003906
i=453,n=2,objectness=0.003906
i=454,n=0,objectness=0.003906
i=454,n=1,objectness=0.003906
i=454,n=2,objectness=0.003906
i=455,n=0,objectness=0.003906
i=455,n=1,objectness=0.003906
i=455,n=2,objectness=0.003906
i=456,n=0,objectness=0.003906
i=456,n=1,objectness=0.003906
i=456,n=2,objectness=0.003906
i=457,n=0,objectness=0.003906
i=457,n=1,objectness=0.003906
i=457,n=2,objectness=0.003906
i=458,n=0,objectness=0.003906
i=458,n=1,objectness=0.003906
i=458,n=2,objectness=0.003906
i=459,n=0,objectness=0.003906
i=459,n=1,objectness=0.003906
i=459,n=2,objectness=0.003906
i=460,n=0,objectness=0.003906
i=460,n=1,objectness=0.003906
i=460,n=2,objectness=0.003906
i=461,n=0,objectness=0.980469
i=461,n=1,objectness=0.031250
i=461,n=2,objectness=0.003906
i=462,n=0,objectness=0.003906
i=462,n=1,objectness=0.003906
i=462,n=2,objectness=0.003906
i=463,n=0,objectness=0.003906
i=463,n=1,objectness=0.003906
i=463,n=2,objectness=0.003906
i=464,n=0,objectness=0.003906
i=464,n=1,objectness=0.003906
i=464,n=2,objectness=0.003906
i=465,n=0,objectness=0.007813
i=465,n=1,objectness=0.003906
i=465,n=2,objectness=0.003906
i=466,n=0,objectness=0.050781
i=466,n=1,objectness=0.007813
i=466,n=2,objectness=0.003906
i=467,n=0,objectness=0.062500
i=467,n=1,objectness=0.019531
i=467,n=2,objectness=0.003906
i=468,n=0,objectness=0.003906
i=468,n=1,objectness=0.003906
i=468,n=2,objectness=0.003906
i=469,n=0,objectness=0.003906
i=469,n=1,objectness=0.003906
i=469,n=2,objectness=0.003906
i=470,n=0,objectness=0.003906
i=470,n=1,objectness=0.003906
i=470,n=2,objectness=0.003906
i=471,n=0,objectness=0.003906
i=471,n=1,objectness=0.003906
i=471,n=2,objectness=0.003906
i=472,n=0,objectness=0.003906
i=472,n=1,objectness=0.003906
i=472,n=2,objectness=0.003906
i=473,n=0,objectness=0.003906
i=473,n=1,objectness=0.003906
i=473,n=2,objectness=0.003906
i=474,n=0,objectness=0.003906
i=474,n=1,objectness=0.003906
i=474,n=2,objectness=0.003906
i=475,n=0,objectness=0.003906
i=475,n=1,objectness=0.003906
i=475,n=2,objectness=0.003906
i=476,n=0,objectness=0.003906
i=476,n=1,objectness=0.003906
i=476,n=2,objectness=0.003906
i=477,n=0,objectness=0.003906
i=477,n=1,objectness=0.003906
i=477,n=2,objectness=0.003906
i=478,n=0,objectness=0.003906
i=478,n=1,objectness=0.003906
i=478,n=2,objectness=0.003906
i=479,n=0,objectness=0.003906
i=479,n=1,objectness=0.003906
i=479,n=2,objectness=0.003906
i=480,n=0,objectness=0.003906
i=480,n=1,objectness=0.003906
i=480,n=2,objectness=0.003906
i=481,n=0,objectness=0.003906
i=481,n=1,objectness=0.003906
i=481,n=2,objectness=0.003906
i=482,n=0,objectness=0.003906
i=482,n=1,objectness=0.003906
i=482,n=2,objectness=0.003906
i=483,n=0,objectness=0.003906
i=483,n=1,objectness=0.003906
i=483,n=2,objectness=0.003906
i=484,n=0,objectness=0.003906
i=484,n=1,objectness=0.003906
i=484,n=2,objectness=0.003906
i=485,n=0,objectness=0.003906
i=485,n=1,objectness=0.003906
i=485,n=2,objectness=0.003906
i=486,n=0,objectness=0.003906
i=486,n=1,objectness=0.003906
i=486,n=2,objectness=0.003906
i=487,n=0,objectness=0.003906
i=487,n=1,objectness=0.003906
i=487,n=2,objectness=0.003906
i=488,n=0,objectness=0.003906
i=488,n=1,objectness=0.003906
i=488,n=2,objectness=0.003906
i=489,n=0,objectness=0.003906
i=489,n=1,objectness=0.003906
i=489,n=2,objectness=0.003906
i=490,n=0,objectness=0.003906
i=490,n=1,objectness=0.003906
i=490,n=2,objectness=0.003906
i=491,n=0,objectness=0.003906
i=491,n=1,objectness=0.003906
i=491,n=2,objectness=0.003906
i=492,n=0,objectness=0.085938
i=492,n=1,objectness=0.050781
i=492,n=2,objectness=0.003906
i=493,n=0,objectness=0.628906
i=493,n=1,objectness=0.148438
i=493,n=2,objectness=0.003906
i=494,n=0,objectness=0.003906
i=494,n=1,objectness=0.003906
i=494,n=2,objectness=0.003906
i=495,n=0,objectness=0.003906
i=495,n=1,objectness=0.003906
i=495,n=2,objectness=0.003906
i=496,n=0,objectness=0.003906
i=496,n=1,objectness=0.003906
i=496,n=2,objectness=0.003906
i=497,n=0,objectness=0.003906
i=497,n=1,objectness=0.003906
i=497,n=2,objectness=0.003906
i=498,n=0,objectness=0.003906
i=498,n=1,objectness=0.003906
i=498,n=2,objectness=0.003906
i=499,n=0,objectness=0.003906
i=499,n=1,objectness=0.003906
i=499,n=2,objectness=0.003906
i=500,n=0,objectness=0.003906
i=500,n=1,objectness=0.003906
i=500,n=2,objectness=0.003906
i=501,n=0,objectness=0.003906
i=501,n=1,objectness=0.003906
i=501,n=2,objectness=0.003906
i=502,n=0,objectness=0.003906
i=502,n=1,objectness=0.003906
i=502,n=2,objectness=0.003906
i=503,n=0,objectness=0.003906
i=503,n=1,objectness=0.003906
i=503,n=2,objectness=0.003906
i=504,n=0,objectness=0.003906
i=504,n=1,objectness=0.003906
i=504,n=2,objectness=0.003906
i=505,n=0,objectness=0.003906
i=505,n=1,objectness=0.003906
i=505,n=2,objectness=0.003906
i=506,n=0,objectness=0.003906
i=506,n=1,objectness=0.003906
i=506,n=2,objectness=0.003906
i=507,n=0,objectness=0.003906
i=507,n=1,objectness=0.003906
i=507,n=2,objectness=0.003906
i=508,n=0,objectness=0.003906
i=508,n=1,objectness=0.003906
i=508,n=2,objectness=0.003906
i=509,n=0,objectness=0.003906
i=509,n=1,objectness=0.003906
i=509,n=2,objectness=0.003906
i=510,n=0,objectness=0.003906
i=510,n=1,objectness=0.003906
i=510,n=2,objectness=0.003906
i=511,n=0,objectness=0.003906
i=511,n=1,objectness=0.003906
i=511,n=2,objectness=0.003906
i=512,n=0,objectness=0.003906
i=512,n=1,objectness=0.003906
i=512,n=2,objectness=0.003906
i=513,n=0,objectness=0.003906
i=513,n=1,objectness=0.003906
i=513,n=2,objectness=0.003906
i=514,n=0,objectness=0.003906
i=514,n=1,objectness=0.003906
i=514,n=2,objectness=0.003906
i=515,n=0,objectness=0.003906
i=515,n=1,objectness=0.003906
i=515,n=2,objectness=0.003906
i=516,n=0,objectness=0.003906
i=516,n=1,objectness=0.003906
i=516,n=2,objectness=0.003906
i=517,n=0,objectness=0.003906
i=517,n=1,objectness=0.003906
i=517,n=2,objectness=0.003906
i=518,n=0,objectness=0.003906
i=518,n=1,objectness=0.003906
i=518,n=2,objectness=0.003906
i=519,n=0,objectness=0.085938
i=519,n=1,objectness=0.003906
i=519,n=2,objectness=0.003906
i=520,n=0,objectness=0.003906
i=520,n=1,objectness=0.003906
i=520,n=2,objectness=0.003906
i=521,n=0,objectness=0.003906
i=521,n=1,objectness=0.003906
i=521,n=2,objectness=0.003906
i=522,n=0,objectness=0.003906
i=522,n=1,objectness=0.003906
i=522,n=2,objectness=0.003906
i=523,n=0,objectness=0.003906
i=523,n=1,objectness=0.003906
i=523,n=2,objectness=0.003906
i=524,n=0,objectness=0.003906
i=524,n=1,objectness=0.003906
i=524,n=2,objectness=0.003906
i=525,n=0,objectness=0.003906
i=525,n=1,objectness=0.003906
i=525,n=2,objectness=0.003906
i=526,n=0,objectness=0.003906
i=526,n=1,objectness=0.003906
i=526,n=2,objectness=0.003906
i=527,n=0,objectness=0.003906
i=527,n=1,objectness=0.003906
i=527,n=2,objectness=0.003906
i=528,n=0,objectness=0.003906
i=528,n=1,objectness=0.003906
i=528,n=2,objectness=0.003906
i=529,n=0,objectness=0.003906
i=529,n=1,objectness=0.003906
i=529,n=2,objectness=0.003906
i=530,n=0,objectness=0.003906
i=530,n=1,objectness=0.003906
i=530,n=2,objectness=0.003906
i=531,n=0,objectness=0.003906
i=531,n=1,objectness=0.003906
i=531,n=2,objectness=0.003906
i=532,n=0,objectness=0.003906
i=532,n=1,objectness=0.003906
i=532,n=2,objectness=0.003906
i=533,n=0,objectness=0.003906
i=533,n=1,objectness=0.003906
i=533,n=2,objectness=0.003906
i=534,n=0,objectness=0.003906
i=534,n=1,objectness=0.003906
i=534,n=2,objectness=0.003906
i=535,n=0,objectness=0.003906
i=535,n=1,objectness=0.003906
i=535,n=2,objectness=0.003906
i=536,n=0,objectness=0.003906
i=536,n=1,objectness=0.003906
i=536,n=2,objectness=0.003906
i=537,n=0,objectness=0.003906
i=537,n=1,objectness=0.003906
i=537,n=2,objectness=0.003906
i=538,n=0,objectness=0.003906
i=538,n=1,objectness=0.003906
i=538,n=2,objectness=0.003906
i=539,n=0,objectness=0.003906
i=539,n=1,objectness=0.003906
i=539,n=2,objectness=0.003906
i=540,n=0,objectness=0.003906
i=540,n=1,objectness=0.003906
i=540,n=2,objectness=0.003906
i=541,n=0,objectness=0.003906
i=541,n=1,objectness=0.003906
i=541,n=2,objectness=0.003906
i=542,n=0,objectness=0.007813
i=542,n=1,objectness=0.003906
i=542,n=2,objectness=0.003906
i=543,n=0,objectness=0.015625
i=543,n=1,objectness=0.015625
i=543,n=2,objectness=0.003906
i=544,n=0,objectness=0.003906
i=544,n=1,objectness=0.003906
i=544,n=2,objectness=0.003906
i=545,n=0,objectness=0.003906
i=545,n=1,objectness=0.003906
i=545,n=2,objectness=0.003906
i=546,n=0,objectness=0.003906
i=546,n=1,objectness=0.003906
i=546,n=2,objectness=0.003906
i=547,n=0,objectness=0.003906
i=547,n=1,objectness=0.003906
i=547,n=2,objectness=0.003906
i=548,n=0,objectness=0.003906
i=548,n=1,objectness=0.003906
i=548,n=2,objectness=0.003906
i=549,n=0,objectness=0.003906
i=549,n=1,objectness=0.003906
i=549,n=2,objectness=0.003906
i=550,n=0,objectness=0.003906
i=550,n=1,objectness=0.003906
i=550,n=2,objectness=0.003906
i=551,n=0,objectness=0.003906
i=551,n=1,objectness=0.003906
i=551,n=2,objectness=0.003906
i=552,n=0,objectness=0.003906
i=552,n=1,objectness=0.003906
i=552,n=2,objectness=0.003906
i=553,n=0,objectness=0.003906
i=553,n=1,objectness=0.003906
i=553,n=2,objectness=0.003906
i=554,n=0,objectness=0.003906
i=554,n=1,objectness=0.003906
i=554,n=2,objectness=0.003906
i=555,n=0,objectness=0.003906
i=555,n=1,objectness=0.003906
i=555,n=2,objectness=0.003906
i=556,n=0,objectness=0.003906
i=556,n=1,objectness=0.003906
i=556,n=2,objectness=0.003906
i=557,n=0,objectness=0.003906
i=557,n=1,objectness=0.003906
i=557,n=2,objectness=0.003906
i=558,n=0,objectness=0.003906
i=558,n=1,objectness=0.003906
i=558,n=2,objectness=0.003906
i=559,n=0,objectness=0.003906
i=559,n=1,objectness=0.003906
i=559,n=2,objectness=0.003906
i=560,n=0,objectness=0.003906
i=560,n=1,objectness=0.003906
i=560,n=2,objectness=0.003906
i=561,n=0,objectness=0.003906
i=561,n=1,objectness=0.003906
i=561,n=2,objectness=0.003906
i=562,n=0,objectness=0.003906
i=562,n=1,objectness=0.003906
i=562,n=2,objectness=0.003906
i=563,n=0,objectness=0.003906
i=563,n=1,objectness=0.003906
i=563,n=2,objectness=0.003906
i=564,n=0,objectness=0.003906
i=564,n=1,objectness=0.003906
i=564,n=2,objectness=0.003906
i=565,n=0,objectness=0.003906
i=565,n=1,objectness=0.003906
i=565,n=2,objectness=0.003906
i=566,n=0,objectness=0.003906
i=566,n=1,objectness=0.003906
i=566,n=2,objectness=0.003906
i=567,n=0,objectness=0.007813
i=567,n=1,objectness=0.003906
i=567,n=2,objectness=0.003906
i=568,n=0,objectness=0.003906
i=568,n=1,objectness=0.003906
i=568,n=2,objectness=0.003906
i=569,n=0,objectness=0.003906
i=569,n=1,objectness=0.003906
i=569,n=2,objectness=0.003906
i=570,n=0,objectness=0.003906
i=570,n=1,objectness=0.003906
i=570,n=2,objectness=0.003906
i=571,n=0,objectness=0.003906
i=571,n=1,objectness=0.003906
i=571,n=2,objectness=0.003906
i=572,n=0,objectness=0.003906
i=572,n=1,objectness=0.003906
i=572,n=2,objectness=0.003906
i=573,n=0,objectness=0.003906
i=573,n=1,objectness=0.003906
i=573,n=2,objectness=0.003906
i=574,n=0,objectness=0.003906
i=574,n=1,objectness=0.003906
i=574,n=2,objectness=0.003906
i=575,n=0,objectness=0.003906
i=575,n=1,objectness=0.003906
i=575,n=2,objectness=0.003906
i=576,n=0,objectness=0.003906
i=576,n=1,objectness=0.003906
i=576,n=2,objectness=0.003906
i=577,n=0,objectness=0.003906
i=577,n=1,objectness=0.003906
i=577,n=2,objectness=0.003906
i=578,n=0,objectness=0.003906
i=578,n=1,objectness=0.003906
i=578,n=2,objectness=0.003906
i=579,n=0,objectness=0.003906
i=579,n=1,objectness=0.003906
i=579,n=2,objectness=0.003906
i=580,n=0,objectness=0.003906
i=580,n=1,objectness=0.003906
i=580,n=2,objectness=0.003906
i=581,n=0,objectness=0.003906
i=581,n=1,objectness=0.003906
i=581,n=2,objectness=0.003906
i=582,n=0,objectness=0.003906
i=582,n=1,objectness=0.003906
i=582,n=2,objectness=0.003906
i=583,n=0,objectness=0.003906
i=583,n=1,objectness=0.003906
i=583,n=2,objectness=0.003906
i=584,n=0,objectness=0.003906
i=584,n=1,objectness=0.003906
i=584,n=2,objectness=0.003906
i=585,n=0,objectness=0.003906
i=585,n=1,objectness=0.003906
i=585,n=2,objectness=0.003906
i=586,n=0,objectness=0.003906
i=586,n=1,objectness=0.003906
i=586,n=2,objectness=0.003906
i=587,n=0,objectness=0.003906
i=587,n=1,objectness=0.003906
i=587,n=2,objectness=0.003906
i=588,n=0,objectness=0.003906
i=588,n=1,objectness=0.003906
i=588,n=2,objectness=0.003906
i=589,n=0,objectness=0.003906
i=589,n=1,objectness=0.003906
i=589,n=2,objectness=0.003906
i=590,n=0,objectness=0.003906
i=590,n=1,objectness=0.003906
i=590,n=2,objectness=0.003906
i=591,n=0,objectness=0.003906
i=591,n=1,objectness=0.003906
i=591,n=2,objectness=0.003906
i=592,n=0,objectness=0.003906
i=592,n=1,objectness=0.003906
i=592,n=2,objectness=0.003906
i=593,n=0,objectness=0.003906
i=593,n=1,objectness=0.003906
i=593,n=2,objectness=0.003906
i=594,n=0,objectness=0.003906
i=594,n=1,objectness=0.003906
i=594,n=2,objectness=0.003906
i=595,n=0,objectness=0.003906
i=595,n=1,objectness=0.003906
i=595,n=2,objectness=0.003906
i=596,n=0,objectness=0.003906
i=596,n=1,objectness=0.003906
i=596,n=2,objectness=0.003906
i=597,n=0,objectness=0.003906
i=597,n=1,objectness=0.003906
i=597,n=2,objectness=0.003906
i=598,n=0,objectness=0.003906
i=598,n=1,objectness=0.003906
i=598,n=2,objectness=0.003906
i=599,n=0,objectness=0.003906
i=599,n=1,objectness=0.003906
i=599,n=2,objectness=0.003906
i=600,n=0,objectness=0.003906
i=600,n=1,objectness=0.003906
i=600,n=2,objectness=0.003906
i=601,n=0,objectness=0.003906
i=601,n=1,objectness=0.003906
i=601,n=2,objectness=0.003906
i=602,n=0,objectness=0.003906
i=602,n=1,objectness=0.003906
i=602,n=2,objectness=0.003906
i=603,n=0,objectness=0.003906
i=603,n=1,objectness=0.003906
i=603,n=2,objectness=0.003906
i=604,n=0,objectness=0.003906
i=604,n=1,objectness=0.003906
i=604,n=2,objectness=0.003906
i=605,n=0,objectness=0.003906
i=605,n=1,objectness=0.003906
i=605,n=2,objectness=0.003906
i=606,n=0,objectness=0.003906
i=606,n=1,objectness=0.003906
i=606,n=2,objectness=0.003906
i=607,n=0,objectness=0.003906
i=607,n=1,objectness=0.003906
i=607,n=2,objectness=0.003906
i=608,n=0,objectness=0.003906
i=608,n=1,objectness=0.003906
i=608,n=2,objectness=0.003906
i=609,n=0,objectness=0.003906
i=609,n=1,objectness=0.003906
i=609,n=2,objectness=0.003906
i=610,n=0,objectness=0.003906
i=610,n=1,objectness=0.003906
i=610,n=2,objectness=0.003906
i=611,n=0,objectness=0.003906
i=611,n=1,objectness=0.003906
i=611,n=2,objectness=0.003906
i=612,n=0,objectness=0.003906
i=612,n=1,objectness=0.003906
i=612,n=2,objectness=0.003906
i=613,n=0,objectness=0.003906
i=613,n=1,objectness=0.003906
i=613,n=2,objectness=0.003906
i=614,n=0,objectness=0.003906
i=614,n=1,objectness=0.003906
i=614,n=2,objectness=0.003906
i=615,n=0,objectness=0.003906
i=615,n=1,objectness=0.003906
i=615,n=2,objectness=0.003906
i=616,n=0,objectness=0.003906
i=616,n=1,objectness=0.003906
i=616,n=2,objectness=0.003906
i=617,n=0,objectness=0.003906
i=617,n=1,objectness=0.003906
i=617,n=2,objectness=0.003906
i=618,n=0,objectness=0.003906
i=618,n=1,objectness=0.003906
i=618,n=2,objectness=0.003906
i=619,n=0,objectness=0.003906
i=619,n=1,objectness=0.003906
i=619,n=2,objectness=0.003906
i=620,n=0,objectness=0.003906
i=620,n=1,objectness=0.003906
i=620,n=2,objectness=0.003906
i=621,n=0,objectness=0.003906
i=621,n=1,objectness=0.003906
i=621,n=2,objectness=0.003906
i=622,n=0,objectness=0.003906
i=622,n=1,objectness=0.003906
i=622,n=2,objectness=0.003906
i=623,n=0,objectness=0.003906
i=623,n=1,objectness=0.003906
i=623,n=2,objectness=0.003906
i=624,n=0,objectness=0.003906
i=624,n=1,objectness=0.003906
i=624,n=2,objectness=0.003906
i=625,n=0,objectness=0.003906
i=625,n=1,objectness=0.003906
i=625,n=2,objectness=0.003906
i=626,n=0,objectness=0.003906
i=626,n=1,objectness=0.003906
i=626,n=2,objectness=0.003906
i=627,n=0,objectness=0.003906
i=627,n=1,objectness=0.003906
i=627,n=2,objectness=0.003906
i=628,n=0,objectness=0.003906
i=628,n=1,objectness=0.003906
i=628,n=2,objectness=0.003906
i=629,n=0,objectness=0.003906
i=629,n=1,objectness=0.003906
i=629,n=2,objectness=0.003906
i=630,n=0,objectness=0.003906
i=630,n=1,objectness=0.003906
i=630,n=2,objectness=0.003906
i=631,n=0,objectness=0.003906
i=631,n=1,objectness=0.003906
i=631,n=2,objectness=0.003906
i=632,n=0,objectness=0.003906
i=632,n=1,objectness=0.003906
i=632,n=2,objectness=0.003906
i=633,n=0,objectness=0.003906
i=633,n=1,objectness=0.003906
i=633,n=2,objectness=0.003906
i=634,n=0,objectness=0.003906
i=634,n=1,objectness=0.003906
i=634,n=2,objectness=0.003906
i=635,n=0,objectness=0.003906
i=635,n=1,objectness=0.003906
i=635,n=2,objectness=0.003906
i=636,n=0,objectness=0.003906
i=636,n=1,objectness=0.003906
i=636,n=2,objectness=0.003906
i=637,n=0,objectness=0.003906
i=637,n=1,objectness=0.003906
i=637,n=2,objectness=0.003906
i=638,n=0,objectness=0.003906
i=638,n=1,objectness=0.003906
i=638,n=2,objectness=0.003906
i=639,n=0,objectness=0.003906
i=639,n=1,objectness=0.003906
i=639,n=2,objectness=0.003906
i=640,n=0,objectness=0.003906
i=640,n=1,objectness=0.003906
i=640,n=2,objectness=0.003906
i=641,n=0,objectness=0.003906
i=641,n=1,objectness=0.003906
i=641,n=2,objectness=0.003906
i=642,n=0,objectness=0.003906
i=642,n=1,objectness=0.003906
i=642,n=2,objectness=0.003906
i=643,n=0,objectness=0.003906
i=643,n=1,objectness=0.003906
i=643,n=2,objectness=0.003906
i=644,n=0,objectness=0.003906
i=644,n=1,objectness=0.003906
i=644,n=2,objectness=0.003906
i=645,n=0,objectness=0.003906
i=645,n=1,objectness=0.003906
i=645,n=2,objectness=0.003906
i=646,n=0,objectness=0.003906
i=646,n=1,objectness=0.003906
i=646,n=2,objectness=0.003906
i=647,n=0,objectness=0.003906
i=647,n=1,objectness=0.003906
i=647,n=2,objectness=0.003906
i=648,n=0,objectness=0.003906
i=648,n=1,objectness=0.003906
i=648,n=2,objectness=0.003906
i=649,n=0,objectness=0.003906
i=649,n=1,objectness=0.003906
i=649,n=2,objectness=0.003906
i=650,n=0,objectness=0.003906
i=650,n=1,objectness=0.003906
i=650,n=2,objectness=0.003906
i=651,n=0,objectness=0.003906
i=651,n=1,objectness=0.003906
i=651,n=2,objectness=0.003906
i=652,n=0,objectness=0.003906
i=652,n=1,objectness=0.003906
i=652,n=2,objectness=0.003906
i=653,n=0,objectness=0.003906
i=653,n=1,objectness=0.003906
i=653,n=2,objectness=0.003906
i=654,n=0,objectness=0.003906
i=654,n=1,objectness=0.003906
i=654,n=2,objectness=0.003906
i=655,n=0,objectness=0.003906
i=655,n=1,objectness=0.003906
i=655,n=2,objectness=0.003906
i=656,n=0,objectness=0.003906
i=656,n=1,objectness=0.003906
i=656,n=2,objectness=0.003906
i=657,n=0,objectness=0.003906
i=657,n=1,objectness=0.003906
i=657,n=2,objectness=0.003906
i=658,n=0,objectness=0.003906
i=658,n=1,objectness=0.003906
i=658,n=2,objectness=0.003906
i=659,n=0,objectness=0.003906
i=659,n=1,objectness=0.003906
i=659,n=2,objectness=0.003906
i=660,n=0,objectness=0.003906
i=660,n=1,objectness=0.003906
i=660,n=2,objectness=0.003906
i=661,n=0,objectness=0.003906
i=661,n=1,objectness=0.003906
i=661,n=2,objectness=0.003906
i=662,n=0,objectness=0.003906
i=662,n=1,objectness=0.003906
i=662,n=2,objectness=0.003906
i=663,n=0,objectness=0.003906
i=663,n=1,objectness=0.003906
i=663,n=2,objectness=0.003906
i=664,n=0,objectness=0.003906
i=664,n=1,objectness=0.003906
i=664,n=2,objectness=0.003906
i=665,n=0,objectness=0.003906
i=665,n=1,objectness=0.003906
i=665,n=2,objectness=0.003906
i=666,n=0,objectness=0.003906
i=666,n=1,objectness=0.003906
i=666,n=2,objectness=0.003906
i=667,n=0,objectness=0.003906
i=667,n=1,objectness=0.003906
i=667,n=2,objectness=0.003906
i=668,n=0,objectness=0.003906
i=668,n=1,objectness=0.003906
i=668,n=2,objectness=0.003906
i=669,n=0,objectness=0.003906
i=669,n=1,objectness=0.003906
i=669,n=2,objectness=0.003906
i=670,n=0,objectness=0.003906
i=670,n=1,objectness=0.003906
i=670,n=2,objectness=0.003906
i=671,n=0,objectness=0.003906
i=671,n=1,objectness=0.003906
i=671,n=2,objectness=0.003906
i=672,n=0,objectness=0.003906
i=672,n=1,objectness=0.003906
i=672,n=2,objectness=0.003906
i=673,n=0,objectness=0.003906
i=673,n=1,objectness=0.003906
i=673,n=2,objectness=0.003906
i=674,n=0,objectness=0.003906
i=674,n=1,objectness=0.003906
i=674,n=2,objectness=0.003906
i=675,n=0,objectness=0.003906
i=675,n=1,objectness=0.003906
i=675,n=2,objectness=0.003906
stop sign: 52%  (l:364,r:375,t:209,b:223)
person: 53%  (l:404,r:411,t:282,b:307)
car: 59%  (l:24,r:49,t:264,b:275)
car: 93%  (l:305,r:322,t:267,b:281)
End of Detection
nboxes0=0b.x=0.889423,b.y=0.519832,b.w=0.028324,b.h=0.034184yolo1 l.mask[0]=0
b.x=0.089093,b.y=0.648738,b.w=0.060669,b.h=0.028229yolo1 l.mask[0]=0
b.x=0.754958,b.y=0.659555,b.w=0.039788,b.h=0.033392yolo1 l.mask[0]=0
b.x=0.980919,b.y=0.709135,b.w=0.015220,b.h=0.059994yolo1 l.mask[0]=0
nboxes=4class_idx=11class_idx=0class_idx=2class_idx=2INFO: [SIM 211-1] CSim done with 0 errors.
INFO: [SIM 211-3] *************** CSIM finish ***************
[2Kvivado_hls> [12C^C